cpanm (App::cpanminus) 1.5017 on perl 5.016001 built for MSWin32-x86-multi-thread
Work directory is C:\Users\V408344\Projects\Personal\tomcat-ctl\local\perl\data/.cpanm/work/1346959885.5116
You have make C:\Users\V408344\Projects\Personal\tomcat-ctl\local\perl\c\bin\dmake.exe
You have LWP 6.04
Falling back to Archive::Tar 1.88
Searching Data::Dump on cpanmetadb ...
--> Working on Data::Dump
Fetching http://www.cpan.org/authors/id/G/GA/GAAS/Data-Dump-1.21.tar.gz
-> OK
Unpacking Data-Dump-1.21.tar.gz
Entering Data-Dump-1.21
Checking configure dependencies from META.yml
Checking if you have ExtUtils::MakeMaker 0 ... Yes (6.63_02)
Configuring Data-Dump-1.21
Running Makefile.PL
Checking if your kit is complete...
Looks good
Writing Makefile for Data::Dump
Writing MYMETA.yml and MYMETA.json
-> OK
Checking dependencies from MYMETA.json ...
Checking if you have Test 0 ... Yes (1.25_02)
Checking if you have Symbol 0 ... Yes (1.07)
Building and testing Data-Dump-1.21
cp lib/Data/Dump.pm blib\lib\Data\Dump.pm
cp lib/Data/Dump/FilterContext.pm blib\lib\Data\Dump\FilterContext.pm
cp lib/Data/Dump/Filtered.pm blib\lib\Data\Dump\Filtered.pm
cp lib/Data/Dump/Trace.pm blib\lib\Data\Dump\Trace.pm
C:\Users\V408344\Projects\Personal\tomcat-ctl\local\perl\perl\bin\perl.exe "-MExtUtils::Command::MM" "-e" "test_harness(0, 'blib\lib', 'blib\arch')" t/*.t
t/dd.t ............. ok
t/dollar-one.t ..... ok
t/dump.t ........... ok
t/eval.t ........... ok
t/filtered.t ....... ok
t/glob.t ........... ok
t/hash.t ........... ok
t/quote-unicode.t .. ok
t/quote.t .......... ok
t/ref.t ............ ok
t/regexp.t ......... ok
t/scalar-obj.t ..... ok
t/scalar.t ......... ok
t/tied.t ........... ok
t/vstring.t ........ ok
All tests successful.
Files=15, Tests=142,  3 wallclock secs ( 0.09 usr +  0.13 sys =  0.22 CPU)
Result: PASS
Installing C:\Users\V408344\Projects\Personal\tomcat-ctl\local\perl\perl\site\lib\Data\Dump.pm
Installing C:\Users\V408344\Projects\Personal\tomcat-ctl\local\perl\perl\site\lib\Data\Dump\FilterContext.pm
Installing C:\Users\V408344\Projects\Personal\tomcat-ctl\local\perl\perl\site\lib\Data\Dump\Filtered.pm
Installing C:\Users\V408344\Projects\Personal\tomcat-ctl\local\perl\perl\site\lib\Data\Dump\Trace.pm
Appending installation info to C:\Users\V408344\Projects\Personal\tomcat-ctl\local\perl\perl\lib/perllocal.pod
-> OK
Successfully installed Data-Dump-1.21
Installing C:\Users\V408344\Projects\Personal\tomcat-ctl\local\perl\perl\site\lib\MSWin32-x86-multi-thread\.meta\Data-Dump-1.21\install.json
Installing C:\Users\V408344\Projects\Personal\tomcat-ctl\local\perl\perl\site\lib\MSWin32-x86-multi-thread\.meta\Data-Dump-1.21\MYMETA.json
1 distribution installed
